android/app/build 2/outputs/logs/manifest-merger-debug-report.txt
-- Merging decision tree log ---
manifest
ADDED from src/main/AndroidManifest.xml:1:1-27:12
INJECTED from src/main/AndroidManifest.xml:1:1-27:12
INJECTED from src/main/AndroidManifest.xml:1:1-27:12
INJECTED from src/main/AndroidManifest.xml:1:1-27:12
MERGED from [:react-native-async-storage_async-storage] AndroidManifest.xml:2:1-7:12
MERGED from [:react-native-community_blur] AndroidManifest.xml:2:1-7:12
MERGED from [:react-native-community_geolocation] AndroidManifest.xml:2:1-7:12
MERGED from [:react-native-firebase_messaging] AndroidManifest.xml:2:1-43:12
MERGED from [:react-native-firebase_app] AndroidManifest.xml:2:1-30:12
MERGED from [:react-native-fs] AndroidManifest.xml:2:1-9:12
MERGED from [:react-native-gesture-handler] AndroidManifest.xml:2:1-7:12
MERGED from [:react-native-linear-gradient] AndroidManifest.xml:2:1-7:12
MERGED from [:react-native-localize] AndroidManifest.xml:2:1-7:12
MERGED from [:react-native-push-notification] AndroidManifest.xml:2:1-7:12
MERGED from [:react-native-reanimated] AndroidManifest.xml:2:1-7:12
MERGED from [:react-native-safe-area-context] AndroidManifest.xml:2:1-7:12
MERGED from [:react-native-screens] AndroidManifest.xml:2:1-7:12
MERGED from [:react-native-vector-icons] AndroidManifest.xml:2:1-7:12
MERGED from [com.facebook.react:react-android:0.72.6] AndroidManifest.xml:2:1-7:12
MERGED from [androidx.appcompat:appcompat-resources:1.6.1] AndroidManifest.xml:17:1-22:12
MERGED from [com.google.android.material:material:1.9.0] AndroidManifest.xml:17:1-26:12
MERGED from [androidx.constraintlayout:constraintlayout:2.0.1] AndroidManifest.xml:2:1-11:12
MERGED from [androidx.appcompat:appcompat:1.6.1] AndroidManifest.xml:17:1-22:12
MERGED from [com.google.android.gms:play-services-auth:20.7.0] AndroidManifest.xml:17:1-40:12
MERGED from [com.google.android.gms:play-services-location:21.0.1] AndroidManifest.xml:2:1-9:12
MERGED from [com.google.firebase:firebase-messaging:23.4.0] AndroidManifest.xml:17:1-66:12
MERGED from [com.google.android.gms:play-services-auth-api-phone:18.0.1] AndroidManifest.xml:2:1-7:12
MERGED from [com.google.android.gms:play-services-auth-base:18.0.4] AndroidManifest.xml:2:1-7:12
MERGED from [com.google.android.gms:play-services-fido:20.0.1] AndroidManifest.xml:2:1-10:12
MERGED from [com.google.android.gms:play-services-base:18.1.0] AndroidManifest.xml:16:1-24:12
MERGED from [com.google.firebase:firebase-installations:17.2.0] AndroidManifest.xml:2:1-24:12
MERGED from [com.google.firebase:firebase-common-ktx:20.4.2] AndroidManifest.xml:2:1-18:12
MERGED from [com.google.firebase:firebase-common:20.4.2] AndroidManifest.xml:15:1-41:12
MERGED from [com.google.firebase:firebase-iid-interop:17.1.0] AndroidManifest.xml:2:1-10:12
MERGED from [com.google.android.gms:play-services-cloud-messaging:17.1.0] AndroidManifest.xml:2:1-13:12
MERGED from [com.google.firebase:firebase-installations-interop:17.1.1] AndroidManifest.xml:15:1-19:12
MERGED from [com.google.android.gms:play-services-tasks:18.0.2] AndroidManifest.xml:2:1-6:12
MERGED from [com.google.android.gms:play-services-stats:17.0.2] AndroidManifest.xml:2:1-9:12
MERGED from [com.google.firebase:firebase-measurement-connector:19.0.0] AndroidManifest.xml:17:1-25:12
MERGED from [com.google.android.gms:play-services-basement:18.2.0] AndroidManifest.xml:16:1-26:12
MERGED from [androidx.viewpager2:viewpager2:1.0.0] AndroidManifest.xml:17:1-24:12
MERGED from [androidx.fragment:fragment:1.3.6] AndroidManifest.xml:17:1-24:12
MERGED from [androidx.activity:activity:1.6.0] AndroidManifest.xml:17:1-22:12
MERGED from [androidx.dynamicanimation:dynamicanimation:1.0.0] AndroidManifest.xml:17:1-22:12
MERGED from [androidx.legacy:legacy-support-core-utils:1.0.0] AndroidManifest.xml:17:1-22:12
MERGED from [androidx.loader:loader:1.0.0] AndroidManifest.xml:17:1-22:12
MERGED from [androidx.lifecycle:lifecycle-viewmodel:2.5.1] AndroidManifest.xml:17:1-24:12
MERGED from [androidx.lifecycle:lifecycle-viewmodel-savedstate:2.5.1] AndroidManifest.xml:17:1-24:12
MERGED from [androidx.core:core-ktx:1.12.0] AndroidManifest.xml:2:1-7:12
MERGED from [androidx.autofill:autofill:1.1.0] AndroidManifest.xml:17:1-24:12
MERGED from [androidx.swiperefreshlayout:swiperefreshlayout:1.1.0] AndroidManifest.xml:17:1-24:12
MERGED from [androidx.coordinatorlayout:coordinatorlayout:1.2.0] AndroidManifest.xml:17:1-24:12
MERGED from [androidx.vectordrawable:vectordrawable-animated:1.1.0] AndroidManifest.xml:17:1-24:12
MERGED from [androidx.vectordrawable:vectordrawable:1.1.0] AndroidManifest.xml:17:1-24:12
MERGED from [androidx.emoji2:emoji2-views-helper:1.2.0] AndroidManifest.xml:2:1-7:12
MERGED from [androidx.emoji2:emoji2:1.2.0] AndroidManifest.xml:17:1-35:12
MERGED from [androidx.viewpager:viewpager:1.0.0] AndroidManifest.xml:17:1-22:12
MERGED from [androidx.drawerlayout:drawerlayout:1.1.1] AndroidManifest.xml:17:1-24:12
MERGED from [androidx.transition:transition:1.2.0] AndroidManifest.xml:17:1-24:12
MERGED from [androidx.recyclerview:recyclerview:1.1.0] AndroidManifest.xml:17:1-24:12
MERGED from [androidx.customview:customview:1.1.0] AndroidManifest.xml:17:1-24:12
MERGED from [androidx.core:core:1.12.0] AndroidManifest.xml:17:1-30:12
MERGED from [androidx.multidex:multidex:2.0.1] AndroidManifest.xml:17:1-22:12
MERGED from [com.facebook.react:hermes-android:0.72.6] AndroidManifest.xml:2:1-7:12
MERGED from [:react-native-sound] AndroidManifest.xml:2:1-8:12
MERGED from [androidx.lifecycle:lifecycle-process:2.4.1] AndroidManifest.xml:17:1-37:12
MERGED from [androidx.startup:startup-runtime:1.1.1] AndroidManifest.xml:17:1-33:12
MERGED from [androidx.tracing:tracing:1.1.0] AndroidManifest.xml:17:1-24:12
MERGED from [com.facebook.fbjni:fbjni:0.3.0] AndroidManifest.xml:2:1-9:12
MERGED from [com.facebook.fresco:fresco:2.5.0] AndroidManifest.xml:2:1-9:12
MERGED from [com.facebook.fresco:imagepipeline-okhttp3:2.5.0] AndroidManifest.xml:2:1-9:12
MERGED from [com.facebook.fresco:drawee:2.5.0] AndroidManifest.xml:2:1-9:12
MERGED from [com.facebook.fresco:middleware:2.5.0] AndroidManifest.xml:2:1-9:12
MERGED from [com.facebook.fresco:ui-common:2.5.0] AndroidManifest.xml:2:1-9:12
MERGED from [com.facebook.fresco:nativeimagefilters:2.5.0] AndroidManifest.xml:2:1-9:12
MERGED from [com.facebook.fresco:memory-type-native:2.5.0] AndroidManifest.xml:2:1-9:12
MERGED from [com.facebook.fresco:memory-type-java:2.5.0] AndroidManifest.xml:2:1-9:12
MERGED from [com.facebook.fresco:imagepipeline-native:2.5.0] AndroidManifest.xml:2:1-9:12
MERGED from [com.facebook.fresco:memory-type-ashmem:2.5.0] AndroidManifest.xml:2:1-9:12
MERGED from [com.facebook.fresco:imagepipeline:2.5.0] AndroidManifest.xml:2:1-9:12
MERGED from [com.facebook.fresco:nativeimagetranscoder:2.5.0] AndroidManifest.xml:2:1-9:12
MERGED from [com.facebook.fresco:imagepipeline-base:2.5.0] AndroidManifest.xml:2:1-9:12
MERGED from [com.facebook.fresco:soloader:2.5.0] AndroidManifest.xml:2:1-9:12
MERGED from [com.facebook.soloader:soloader:0.10.5] AndroidManifest.xml:2:1-17:12
MERGED from [com.google.firebase:firebase-datatransport:18.1.7] AndroidManifest.xml:15:1-33:12
MERGED from [com.google.android.datatransport:transport-backend-cct:3.1.8] AndroidManifest.xml:15:1-37:12
MERGED from [com.google.android.datatransport:transport-runtime:3.1.8] AndroidManifest.xml:15:1-41:12
MERGED from [com.google.firebase:firebase-components:17.1.5] AndroidManifest.xml:15:1-20:12
MERGED from [androidx.interpolator:interpolator:1.0.0] AndroidManifest.xml:17:1-22:12
MERGED from [androidx.versionedparcelable:versionedparcelable:1.1.1] AndroidManifest.xml:17:1-27:12
MERGED from [com.github.Dimezis:BlurView:version-2.0.4] AndroidManifest.xml:2:1-11:12
MERGED from [androidx.lifecycle:lifecycle-runtime:2.5.1] AndroidManifest.xml:17:1-24:12
MERGED from [androidx.cursoradapter:cursoradapter:1.0.0] AndroidManifest.xml:17:1-22:12
MERGED from [androidx.savedstate:savedstate:1.2.0] AndroidManifest.xml:17:1-24:12
MERGED from [androidx.cardview:cardview:1.0.0] AndroidManifest.xml:17:1-22:12
MERGED from [androidx.lifecycle:lifecycle-livedata:2.0.0] AndroidManifest.xml:17:1-22:12
MERGED from [androidx.lifecycle:lifecycle-livedata-core:2.5.1] AndroidManifest.xml:17:1-24:12
MERGED from [androidx.arch.core:core-runtime:2.1.0] AndroidManifest.xml:17:1-24:12
MERGED from [com.google.android.datatransport:transport-api:3.1.0] AndroidManifest.xml:15:1-20:12
MERGED from [com.google.firebase:firebase-encoders-json:18.0.0] AndroidManifest.xml:15:1-23:12
MERGED from [androidx.documentfile:documentfile:1.0.0] AndroidManifest.xml:17:1-22:12
MERGED from [androidx.localbroadcastmanager:localbroadcastmanager:1.0.0] AndroidManifest.xml:17:1-22:12
MERGED from [androidx.print:print:1.0.0] AndroidManifest.xml:17:1-22:12
MERGED from [androidx.annotation:annotation-experimental:1.3.0] AndroidManifest.xml:17:1-22:12
MERGED from [me.leolin:ShortcutBadger:1.1.22] AndroidManifest.xml:2:1-52:12
MERGED from [com.facebook.fresco:fbcore:2.5.0] AndroidManifest.xml:2:1-9:12
INJECTED from src/main/AndroidManifest.xml:1:1-27:12
INJECTED from src/main/AndroidManifest.xml:1:1-27:12
INJECTED from src/main/AndroidManifest.xml:1:1-27:12
	package
		INJECTED from src/main/AndroidManifest.xml
		ADDED from src/main/AndroidManifest.xml:1:1-27:12
		INJECTED from src/main/AndroidManifest.xml
	android:versionName
		INJECTED from src/main/AndroidManifest.xml
		ADDED from src/main/AndroidManifest.xml:1:1-27:12
		INJECTED from src/main/AndroidManifest.xml
	android:versionCode
		INJECTED from src/main/AndroidManifest.xml
		ADDED from src/main/AndroidManifest.xml:1:1-27:12
		INJECTED from src/main/AndroidManifest.xml
	xmlns:android
		ADDED from src/main/AndroidManifest.xml:1:11-69
uses-permission#android.permission.INTERNET
ADDED from src/main/AndroidManifest.xml:3:5-67
MERGED from [:react-native-firebase_messaging] AndroidManifest.xml:7:5-67
MERGED from [:react-native-firebase_messaging] AndroidManifest.xml:7:5-67
MERGED from [com.google.firebase:firebase-installations:17.2.0] AndroidManifest.xml:8:5-67
MERGED from [com.google.firebase:firebase-installations:17.2.0] AndroidManifest.xml:8:5-67
MERGED from [com.google.android.gms:play-services-cloud-messaging:17.1.0] AndroidManifest.xml:8:5-67
MERGED from [com.google.android.gms:play-services-cloud-messaging:17.1.0] AndroidManifest.xml:8:5-67
MERGED from [com.google.android.datatransport:transport-backend-cct:3.1.8] AndroidManifest.xml:25:5-67
MERGED from [com.google.android.datatransport:transport-backend-cct:3.1.8] AndroidManifest.xml:25:5-67
	android:name
		ADDED from src/main/AndroidManifest.xml:3:22-64
application
ADDED from src/main/AndroidManifest.xml:5:5-26:19
MERGED from [:react-native-firebase_messaging] AndroidManifest.xml:11:5-41:19
MERGED from [:react-native-firebase_messaging] AndroidManifest.xml:11:5-41:19
MERGED from [:react-native-firebase_app] AndroidManifest.xml:8:5-28:19
MERGED from [:react-native-firebase_app] AndroidManifest.xml:8:5-28:19
MERGED from [com.google.android.material:material:1.9.0] AndroidManifest.xml:24:5-20
MERGED from [com.google.android.material:material:1.9.0] AndroidManifest.xml:24:5-20
MERGED from [androidx.constraintlayout:constraintlayout:2.0.1] AndroidManifest.xml:9:5-20
MERGED from [androidx.constraintlayout:constraintlayout:2.0.1] AndroidManifest.xml:9:5-20
MERGED from [com.google.android.gms:play-services-auth:20.7.0] AndroidManifest.xml:22:5-38:19
MERGED from [com.google.android.gms:play-services-auth:20.7.0] AndroidManifest.xml:22:5-38:19
MERGED from [com.google.android.gms:play-services-location:21.0.1] AndroidManifest.xml:7:5-20
MERGED from [com.google.android.gms:play-services-location:21.0.1] AndroidManifest.xml:7:5-20
MERGED from [com.google.firebase:firebase-messaging:23.4.0] AndroidManifest.xml:28:5-64:19
MERGED from [com.google.firebase:firebase-messaging:23.4.0] AndroidManifest.xml:28:5-64:19
MERGED from [com.google.android.gms:play-services-fido:20.0.1] AndroidManifest.xml:7:5-8:19
MERGED from [com.google.android.gms:play-services-fido:20.0.1] AndroidManifest.xml:7:5-8:19
MERGED from [com.google.android.gms:play-services-base:18.1.0] AndroidManifest.xml:19:5-23:19
MERGED from [com.google.android.gms:play-services-base:18.1.0] AndroidManifest.xml:19:5-23:19
MERGED from [com.google.firebase:firebase-installations:17.2.0] AndroidManifest.xml:11:5-22:19
MERGED from [com.google.firebase:firebase-installations:17.2.0] AndroidManifest.xml:11:5-22:19
MERGED from [com.google.firebase:firebase-common-ktx:20.4.2] AndroidManifest.xml:8:5-16:19
MERGED from [com.google.firebase:firebase-common-ktx:20.4.2] AndroidManifest.xml:8:5-16:19
MERGED from [com.google.firebase:firebase-common:20.4.2] AndroidManifest.xml:22:5-39:19
MERGED from [com.google.firebase:firebase-common:20.4.2] AndroidManifest.xml:22:5-39:19
MERGED from [com.google.firebase:firebase-iid-interop:17.1.0] AndroidManifest.xml:7:5-8:19
MERGED from [com.google.firebase:firebase-iid-interop:17.1.0] AndroidManifest.xml:7:5-8:19
MERGED from [com.google.android.gms:play-services-tasks:18.0.2] AndroidManifest.xml:5:5-20
MERGED from [com.google.android.gms:play-services-tasks:18.0.2] AndroidManifest.xml:5:5-20
MERGED from [com.google.android.gms:play-services-stats:17.0.2] AndroidManifest.xml:7:5-20
MERGED from [com.google.android.gms:play-services-stats:17.0.2] AndroidManifest.xml:7:5-20
MERGED from [com.google.firebase:firebase-measurement-connector:19.0.0] AndroidManifest.xml:22:5-23:19
MERGED from [com.google.firebase:firebase-measurement-connector:19.0.0] AndroidManifest.xml:22:5-23:19
MERGED from [com.google.android.gms:play-services-basement:18.2.0] AndroidManifest.xml:20:5-24:19
MERGED from [com.google.android.gms:play-services-basement:18.2.0] AndroidManifest.xml:20:5-24:19
MERGED from [androidx.emoji2:emoji2:1.2.0] AndroidManifest.xml:23:5-33:19
MERGED from [androidx.emoji2:emoji2:1.2.0] AndroidManifest.xml:23:5-33:19
MERGED from [androidx.core:core:1.12.0] AndroidManifest.xml:28:5-89
MERGED from [androidx.core:core:1.12.0] AndroidManifest.xml:28:5-89
MERGED from [androidx.lifecycle:lifecycle-process:2.4.1] AndroidManifest.xml:25:5-35:19
MERGED from [androidx.lifecycle:lifecycle-process:2.4.1] AndroidManifest.xml:25:5-35:19
MERGED from [androidx.startup:startup-runtime:1.1.1] AndroidManifest.xml:25:5-31:19
MERGED from [androidx.startup:startup-runtime:1.1.1] AndroidManifest.xml:25:5-31:19
MERGED from [com.facebook.soloader:soloader:0.10.5] AndroidManifest.xml:11:5-15:19
MERGED from [com.facebook.soloader:soloader:0.10.5] AndroidManifest.xml:11:5-15:19
MERGED from [com.google.firebase:firebase-datatransport:18.1.7] AndroidManifest.xml:23:5-31:19
MERGED from [com.google.firebase:firebase-datatransport:18.1.7] AndroidManifest.xml:23:5-31:19
MERGED from [com.google.android.datatransport:transport-backend-cct:3.1.8] AndroidManifest.xml:27:5-35:19
MERGED from [com.google.android.datatransport:transport-backend-cct:3.1.8] AndroidManifest.xml:27:5-35:19
MERGED from [com.google.android.datatransport:transport-runtime:3.1.8] AndroidManifest.xml:25:5-39:19
MERGED from [com.google.android.datatransport:transport-runtime:3.1.8] AndroidManifest.xml:25:5-39:19
MERGED from [androidx.versionedparcelable:versionedparcelable:1.1.1] AndroidManifest.xml:24:5-25:19
MERGED from [androidx.versionedparcelable:versionedparcelable:1.1.1] AndroidManifest.xml:24:5-25:19
MERGED from [com.github.Dimezis:BlurView:version-2.0.4] AndroidManifest.xml:9:5-20
MERGED from [com.github.Dimezis:BlurView:version-2.0.4] AndroidManifest.xml:9:5-20
	android:appComponentFactory
		ADDED from [androidx.core:core:1.12.0] AndroidManifest.xml:28:18-86
	android:supportsRtl
		ADDED from src/main/AndroidManifest.xml:13:7-33
	android:label
		ADDED from src/main/AndroidManifest.xml:7:7-39
	android:roundIcon
		ADDED from src/main/AndroidManifest.xml:9:7-52
	android:icon
		ADDED from src/main/AndroidManifest.xml:8:7-41
	android:allowBackup
		ADDED from src/main/AndroidManifest.xml:10:7-34
	android:theme
		ADDED from src/main/AndroidManifest.xml:11:7-38
	android:usesCleartextTraffic
		ADDED from src/main/AndroidManifest.xml:12:7-42
	android:name
		ADDED from src/main/AndroidManifest.xml:6:7-38
activity#com.salahcompaniontemp.MainActivity
ADDED from src/main/AndroidManifest.xml:14:7-25:18
	android:label
		ADDED from src/main/AndroidManifest.xml:16:9-41
	android:launchMode
		ADDED from src/main/AndroidManifest.xml:18:9-40
	android:windowSoftInputMode
		ADDED from src/main/AndroidManifest.xml:19:9-51
	android:exported
		ADDED from src/main/AndroidManifest.xml:20:9-32
	android:configChanges
		ADDED from src/main/AndroidManifest.xml:17:9-118
	android:name
		ADDED from src/main/AndroidManifest.xml:15:9-37
intent-filter#action:name:android.intent.action.MAIN+category:name:android.intent.category.LAUNCHER
ADDED from src/main/AndroidManifest.xml:21:9-24:25
action#android.intent.action.MAIN
ADDED from src/main/AndroidManifest.xml:22:13-65
	android:name
		ADDED from src/main/AndroidManifest.xml:22:21-62
category#android.intent.category.LAUNCHER
ADDED from src/main/AndroidManifest.xml:23:13-73
	android:name
		ADDED from src/main/AndroidManifest.xml:23:23-70
uses-sdk
INJECTED from src/main/AndroidManifest.xml reason: use-sdk injection requested
INJECTED from src/main/AndroidManifest.xml
INJECTED from src/main/AndroidManifest.xml
MERGED from [:react-native-async-storage_async-storage] AndroidManifest.xml:5:5-44
MERGED from [:react-native-async-storage_async-storage] AndroidManifest.xml:5:5-44
MERGED from [:react-native-community_blur] AndroidManifest.xml:5:5-44
MERGED from [:react-native-community_blur] AndroidManifest.xml:5:5-44
MERGED from [:react-native-community_geolocation] AndroidManifest.xml:5:5-44
MERGED from [:react-native-community_geolocation] AndroidManifest.xml:5:5-44
MERGED from [:react-native-firebase_messaging] AndroidManifest.xml:5:5-44
MERGED from [:react-native-firebase_messaging] AndroidManifest.xml:5:5-44
MERGED from [:react-native-firebase_app] AndroidManifest.xml:6:5-44
MERGED from [:react-native-firebase_app] AndroidManifest.xml:6:5-44
MERGED from [:react-native-fs] AndroidManifest.xml:5:5-44
MERGED from [:react-native-fs] AndroidManifest.xml:5:5-44
MERGED from [:react-native-gesture-handler] AndroidManifest.xml:5:5-44
MERGED from [:react-native-gesture-handler] AndroidManifest.xml:5:5-44
MERGED from [:react-native-linear-gradient] AndroidManifest.xml:5:5-44
MERGED from [:react-native-linear-gradient] AndroidManifest.xml:5:5-44
MERGED from [:react-native-localize] AndroidManifest.xml:5:5-44
MERGED from [:react-native-localize] AndroidManifest.xml:5:5-44
MERGED from [:react-native-push-notification] AndroidManifest.xml:5:5-44
MERGED from [:react-native-push-notification] AndroidManifest.xml:5:5-44
MERGED from [:react-native-reanimated] AndroidManifest.xml:5:5-44
MERGED from [:react-native-reanimated] AndroidManifest.xml:5:5-44
MERGED from [:react-native-safe-area-context] AndroidManifest.xml:5:5-44
MERGED from [:react-native-safe-area-context] AndroidManifest.xml:5:5-44
MERGED from [:react-native-screens] AndroidManifest.xml:5:5-44
MERGED from [:react-native-screens] AndroidManifest.xml:5:5-44
MERGED from [:react-native-vector-icons] AndroidManifest.xml:5:5-44
MERGED from [:react-native-vector-icons] AndroidManifest.xml:5:5-44
MERGED from [com.facebook.react:react-android:0.72.6] AndroidManifest.xml:5:5-44
MERGED from [com.facebook.react:react-android:0.72.6] AndroidManifest.xml:5:5-44
MERGED from [androidx.appcompat:appcompat-resources:1.6.1] AndroidManifest.xml:20:5-44
MERGED from [androidx.appcompat:appcompat-resources:1.6.1] AndroidManifest.xml:20:5-44
MERGED from [com.google.android.material:material:1.9.0] AndroidManifest.xml:20:5-22:41
MERGED from [com.google.android.material:material:1.9.0] AndroidManifest.xml:20:5-22:41
MERGED from [androidx.constraintlayout:constraintlayout:2.0.1] AndroidManifest.xml:5:5-7:41
MERGED from [androidx.constraintlayout:constraintlayout:2.0.1] AndroidManifest.xml:5:5-7:41
MERGED from [androidx.appcompat:appcompat:1.6.1] AndroidManifest.xml:20:5-44
MERGED from [androidx.appcompat:appcompat:1.6.1] AndroidManifest.xml:20:5-44
MERGED from [com.google.android.gms:play-services-auth:20.7.0] AndroidManifest.xml:20:5-44
MERGED from [com.google.android.gms:play-services-auth:20.7.0] AndroidManifest.xml:20:5-44
MERGED from [com.google.android.gms:play-services-location:21.0.1] AndroidManifest.xml:5:5-44
MERGED from [com.google.android.gms:play-services-location:21.0.1] AndroidManifest.xml:5:5-44
MERGED from [com.google.firebase:firebase-messaging:23.4.0] AndroidManifest.xml:20:5-44
MERGED from [com.google.firebase:firebase-messaging:23.4.0] AndroidManifest.xml:20:5-44
MERGED from [com.google.android.gms:play-services-auth-api-phone:18.0.1] AndroidManifest.xml:5:5-44
MERGED from [com.google.android.gms:play-services-auth-api-phone:18.0.1] AndroidManifest.xml:5:5-44
MERGED from [com.google.android.gms:play-services-auth-base:18.0.4] AndroidManifest.xml:5:5-44
MERGED from [com.google.android.gms:play-services-auth-base:18.0.4] AndroidManifest.xml:5:5-44
MERGED from [com.google.android.gms:play-services-fido:20.0.1] AndroidManifest.xml:5:5-44
MERGED from [com.google.android.gms:play-services-fido:20.0.1] AndroidManifest.xml:5:5-44
MERGED from [com.google.android.gms:play-services-base:18.1.0] AndroidManifest.xml:18:5-43
MERGED from [com.google.android.gms:play-services-base:18.1.0] AndroidManifest.xml:18:5-43
MERGED from [com.google.firebase:firebase-installations:17.2.0] AndroidManifest.xml:5:5-44
MERGED from [com.google.firebase:firebase-installations:17.2.0] AndroidManifest.xml:5:5-44
MERGED from [com.google.firebase:firebase-common-ktx:20.4.2] AndroidManifest.xml:5:5-44
MERGED from [com.google.firebase:firebase-common-ktx:20.4.2] AndroidManifest.xml:5:5-44
MERGED from [com.google.firebase:firebase-common:20.4.2] AndroidManifest.xml:19:5-44
MERGED from [com.google.firebase:firebase-common:20.4.2] AndroidManifest.xml:19:5-44
MERGED from [com.google.firebase:firebase-iid-interop:17.1.0] AndroidManifest.xml:5:5-44
MERGED from [com.google.firebase:firebase-iid-interop:17.1.0] AndroidManifest.xml:5:5-44
MERGED from [com.google.android.gms:play-services-cloud-messaging:17.1.0] AndroidManifest.xml:5:5-44
MERGED from [com.google.android.gms:play-services-cloud-messaging:17.1.0] AndroidManifest.xml:5:5-44
MERGED from [com.google.firebase:firebase-installations-interop:17.1.1] AndroidManifest.xml:17:5-44
MERGED from [com.google.firebase:firebase-installations-interop:17.1.1] AndroidManifest.xml:17:5-44
MERGED from [com.google.android.gms:play-services-tasks:18.0.2] AndroidManifest.xml:4:5-43
MERGED from [com.google.android.gms:play-services-tasks:18.0.2] AndroidManifest.xml:4:5-43
MERGED from [com.google.android.gms:play-services-stats:17.0.2] AndroidManifest.xml:5:5-44
MERGED from [com.google.android.gms:play-services-stats:17.0.2] AndroidManifest.xml:5:5-44
MERGED from [com.google.firebase:firebase-measurement-connector:19.0.0] AndroidManifest.xml:20:5-44
MERGED from [com.google.firebase:firebase-measurement-connector:19.0.0] AndroidManifest.xml:20:5-44
MERGED from [com.google.android.gms:play-services-basement:18.2.0] AndroidManifest.xml:18:5-43
MERGED from [com.google.android.gms:play-services-basement:18.2.0] AndroidManifest.xml:18:5-43
MERGED from [androidx.viewpager2:viewpager2:1.0.0] AndroidManifest.xml:20:5-22:41
MERGED from [androidx.viewpager2:viewpager2:1.0.0] AndroidManifest.xml:20:5-22:41
MERGED from [androidx.fragment:fragment:1.3.6] AndroidManifest.xml:20:5-22:41
MERGED from [androidx.fragment:fragment:1.3.6] AndroidManifest.xml:20:5-22:41
MERGED from [androidx.activity:activity:1.6.0] AndroidManifest.xml:20:5-44
MERGED from [androidx.activity:activity:1.6.0] AndroidManifest.xml:20:5-44
MERGED from [androidx.dynamicanimation:dynamicanimation:1.0.0] AndroidManifest.xml:20:5-44
MERGED from [androidx.dynamicanimation:dynamicanimation:1.0.0] AndroidManifest.xml:20:5-44
MERGED from [androidx.legacy:legacy-support-core-utils:1.0.0] AndroidManifest.xml:20:5-44
MERGED from [androidx.legacy:legacy-support-core-utils:1.0.0] AndroidManifest.xml:20:5-44
MERGED from [androidx.loader:loader:1.0.0] AndroidManifest.xml:20:5-44
MERGED from [androidx.loader:loader:1.0.0] AndroidManifest.xml:20:5-44
MERGED from [androidx.lifecycle:lifecycle-viewmodel:2.5.1] AndroidManifest.xml:20:5-22:41
MERGED from [androidx.lifecycle:lifecycle-viewmodel:2.5.1] AndroidManifest.xml:20:5-22:41
MERGED from [androidx.lifecycle:lifecycle-viewmodel-savedstate:2.5.1] AndroidManifest.xml:20:5-22:41
MERGED from [androidx.lifecycle:lifecycle-viewmodel-savedstate:2.5.1] AndroidManifest.xml:20:5-22:41
MERGED from [androidx.core:core-ktx:1.12.0] AndroidManifest.xml:5:5-44
MERGED from [androidx.core:core-ktx:1.12.0] AndroidManifest.xml:5:5-44
MERGED from [androidx.autofill:autofill:1.1.0] AndroidManifest.xml:20:5-22:41
MERGED from [androidx.autofill:autofill:1.1.0] AndroidManifest.xml:20:5-22:41
MERGED from [androidx.swiperefreshlayout:swiperefreshlayout:1.1.0] AndroidManifest.xml:20:5-22:41
MERGED from [androidx.swiperefreshlayout:swiperefreshlayout:1.1.0] AndroidManifest.xml:20:5-22:41
MERGED from [androidx.coordinatorlayout:coordinatorlayout:1.2.0] AndroidManifest.xml:20:5-22:41
MERGED from [androidx.coordinatorlayout:coordinatorlayout:1.2.0] AndroidManifest.xml:20:5-22:41
MERGED from [androidx.vectordrawable:vectordrawable-animated:1.1.0] AndroidManifest.xml:20:5-22:41
MERGED from [androidx.vectordrawable:vectordrawable-animated:1.1.0] AndroidManifest.xml:20:5-22:41
MERGED from [androidx.vectordrawable:vectordrawable:1.1.0] AndroidManifest.xml:20:5-22:41
MERGED from [androidx.vectordrawable:vectordrawable:1.1.0] AndroidManifest.xml:20:5-22:41
MERGED from [androidx.emoji2:emoji2-views-helper:1.2.0] AndroidManifest.xml:5:5-44
MERGED from [androidx.emoji2:emoji2-views-helper:1.2.0] AndroidManifest.xml:5:5-44
MERGED from [androidx.emoji2:emoji2:1.2.0] AndroidManifest.xml:21:5-44
MERGED from [androidx.emoji2:emoji2:1.2.0] AndroidManifest.xml:21:5-44
MERGED from [androidx.viewpager:viewpager:1.0.0] AndroidManifest.xml:20:5-44
MERGED from [androidx.viewpager:viewpager:1.0.0] AndroidManifest.xml:20:5-44
MERGED from [androidx.drawerlayout:drawerlayout:1.1.1] AndroidManifest.xml:20:5-22:41
MERGED from [androidx.drawerlayout:drawerlayout:1.1.1] AndroidManifest.xml:20:5-22:41
MERGED from [androidx.transition:transition:1.2.0] AndroidManifest.xml:20:5-22:41
MERGED from [androidx.transition:transition:1.2.0] AndroidManifest.xml:20:5-22:41
MERGED from [androidx.recyclerview:recyclerview:1.1.0] AndroidManifest.xml:20:5-22:41
MERGED from [androidx.recyclerview:recyclerview:1.1.0] AndroidManifest.xml:20:5-22:41
MERGED from [androidx.customview:customview:1.1.0] AndroidManifest.xml:20:5-22:41
MERGED from [androidx.customview:customview:1.1.0] AndroidManifest.xml:20:5-22:41
MERGED from [androidx.core:core:1.12.0] AndroidManifest.xml:20:5-44
MERGED from [androidx.core:core:1.12.0] AndroidManifest.xml:20:5-44
MERGED from [androidx.multidex:multidex:2.0.1] AndroidManifest.xml:20:5-43
MERGED from [androidx.multidex:multidex:2.0.1] AndroidManifest.xml:20:5-43
MERGED from [com.facebook.react:hermes-android:0.72.6] AndroidManifest.xml:5:5-44
MERGED from [com.facebook.react:hermes-android:0.72.6] AndroidManifest.xml:5:5-44
MERGED from [:react-native-sound] AndroidManifest.xml:6:5-44
MERGED from [:react-native-sound] AndroidManifest.xml:6:5-44
MERGED from [androidx.lifecycle:lifecycle-process:2.4.1] AndroidManifest.xml:21:5-23:41
MERGED from [androidx.lifecycle:lifecycle-process:2.4.1] AndroidManifest.xml:21:5-23:41
MERGED from [androidx.startup:startup-runtime:1.1.1] AndroidManifest.xml:21:5-23:41
MERGED from [androidx.startup:startup-runtime:1.1.1] AndroidManifest.xml:21:5-23:41
MERGED from [androidx.tracing:tracing:1.1.0] AndroidManifest.xml:20:5-22:41
MERGED from [androidx.tracing:tracing:1.1.0] AndroidManifest.xml:20:5-22:41
MERGED from [com.facebook.fbjni:fbjni:0.3.0] AndroidManifest.xml:5:5-7:41
MERGED from [com.facebook.fbjni:fbjni:0.3.0] AndroidManifest.xml:5:5-7:41
MERGED from [com.facebook.fresco:fresco:2.5.0] AndroidManifest.xml:5:5-7:41
MERGED from [com.facebook.fresco:fresco:2.5.0] AndroidManifest.xml:5:5-7:41
MERGED from [com.facebook.fresco:imagepipeline-okhttp3:2.5.0] AndroidManifest.xml:5:5-7:41
MERGED from [com.facebook.fresco:imagepipeline-okhttp3:2.5.0] AndroidManifest.xml:5:5-7:41
MERGED from [com.facebook.fresco:drawee:2.5.0] AndroidManifest.xml:5:5-7:41
MERGED from [com.facebook.fresco:drawee:2.5.0] AndroidManifest.xml:5:5-7:41
MERGED from [com.facebook.fresco:middleware:2.5.0] AndroidManifest.xml:5:5-7:41
MERGED from [com.facebook.fresco:middleware:2.5.0] AndroidManifest.xml:5:5-7:41
MERGED from [com.facebook.fresco:ui-common:2.5.0] AndroidManifest.xml:5:5-7:41
MERGED from [com.facebook.fresco:ui-common:2.5.0] AndroidManifest.xml:5:5-7:41
MERGED from [com.facebook.fresco:nativeimagefilters:2.5.0] AndroidManifest.xml:5:5-7:41
MERGED from [com.facebook.fresco:nativeimagefilters:2.5.0] AndroidManifest.xml:5:5-7:41
MERGED from [com.facebook.fresco:memory-type-native:2.5.0] AndroidManifest.xml:5:5-7:41
MERGED from [com.facebook.fresco:memory-type-native:2.5.0] AndroidManifest.xml:5:5-7:41
MERGED from [com.facebook.fresco:memory-type-java:2.5.0] AndroidManifest.xml:5:5-7:41
MERGED from [com.facebook.fresco:memory-type-java:2.5.0] AndroidManifest.xml:5:5-7:41
MERGED from [com.facebook.fresco:imagepipeline-native:2.5.0] AndroidManifest.xml:5:5-7:41
MERGED from [com.facebook.fresco:imagepipeline-native:2.5.0] AndroidManifest.xml:5:5-7:41
MERGED from [com.facebook.fresco:memory-type-ashmem:2.5.0] AndroidManifest.xml:5:5-7:41
MERGED from [com.facebook.fresco:memory-type-ashmem:2.5.0] AndroidManifest.xml:5:5-7:41
MERGED from [com.facebook.fresco:imagepipeline:2.5.0] AndroidManifest.xml:5:5-7:41
MERGED from [com.facebook.fresco:imagepipeline:2.5.0] AndroidManifest.xml:5:5-7:41
MERGED from [com.facebook.fresco:nativeimagetranscoder:2.5.0] AndroidManifest.xml:5:5-7:41